<?xml version="1.0" encoding="UTF-8"?>
<!-- Generated by org.testng.reporters.JUnitReportReporter -->
<testsuite hostname="LAPTOP-Q08K87KM" failures="0" tests="1" name="com.cloudtesla.LoginTests.SignUpPageTest" time="13.277" errors="0" timestamp="2022-09-30T16:02:29 IST" skipped="0">
  <testcase classname="com.cloudtesla.LoginTests.SignUpPageTest" name="signuppageTest" time="13.277"/>
  <system-out>
sign up successful  </system-out>
</testsuite> <!-- com.cloudtesla.LoginTests.SignUpPageTest -->
