<?xml version="1.0" encoding="UTF-8"?>
<!-- Generated by org.testng.reporters.JUnitReportReporter -->
<testsuite hostname="LAPTOP-Q08K87KM" failures="0" tests="1" name="com.cloudtesla.LoginTests.LoginPageTests" time="8.187" errors="0" timestamp="2022-09-30T16:32:17 IST" skipped="0">
  <testcase classname="com.cloudtesla.LoginTests.LoginPageTests" name="loginPageTests" time="8.187"/>
  <system-out/>
</testsuite> <!-- com.cloudtesla.LoginTests.LoginPageTests -->
