<?xml version="1.0" encoding="UTF-8"?>
<!-- Generated by org.testng.reporters.JUnitReportReporter -->
<testsuite hostname="Rafeeks-MacBook-Air.local" failures="0" tests="14" name="FormTest.FormTest" time="14.020" errors="0" timestamp="2024-01-12T15:53:58 IST" skipped="13">
  <testcase classname="FormTest.FormTest" name="loadFormReport" time="14.020"/>
  <system-out>
    <![CDATA[Total item of form reports table: 14
 form Report  table loaded successfully]]>
  </system-out>
  <testcase classname="FormTest.FormTest" name="addProblemBtn">
    <skipped/>
  </testcase> <!-- addProblemBtn -->
  <system-out/>
  <testcase classname="FormTest.FormTest" name="addRole">
    <skipped/>
  </testcase> <!-- addRole -->
  <system-out/>
  <testcase classname="FormTest.FormTest" name="addModel">
    <skipped/>
  </testcase> <!-- addModel -->
  <system-out/>
  <testcase classname="FormTest.FormTest" name="addManufacture">
    <skipped/>
  </testcase> <!-- addManufacture -->
  <system-out/>
  <testcase classname="FormTest.FormTest" name="addLocationType">
    <skipped/>
  </testcase> <!-- addLocationType -->
  <system-out/>
  <testcase classname="FormTest.FormTest" name="addDepartment">
    <skipped/>
  </testcase> <!-- addDepartment -->
  <system-out/>
  <testcase classname="FormTest.FormTest" name="addPriority">
    <skipped/>
  </testcase> <!-- addPriority -->
  <system-out/>
  <testcase classname="FormTest.FormTest" name="addVendorCompany">
    <skipped/>
  </testcase> <!-- addVendorCompany -->
  <system-out/>
  <testcase classname="FormTest.FormTest" name="addLocation">
    <skipped/>
  </testcase> <!-- addLocation -->
  <system-out/>
  <testcase classname="FormTest.FormTest" name="addSubDepartment">
    <skipped/>
  </testcase> <!-- addSubDepartment -->
  <system-out/>
  <testcase classname="FormTest.FormTest" name="createMqttbroker">
    <skipped/>
  </testcase> <!-- createMqttbroker -->
  <system-out/>
  <testcase classname="FormTest.FormTest" name="addAssetMap">
    <skipped/>
  </testcase> <!-- addAssetMap -->
  <system-out/>
  <testcase classname="FormTest.FormTest" name="addAsset">
    <skipped/>
  </testcase> <!-- addAsset -->
  <system-out/>
</testsuite> <!-- FormTest.FormTest -->
