<?xml version="1.0" encoding="UTF-8"?>
<!-- Generated by org.testng.reporters.JUnitReportReporter -->
<testsuite hostname="Rafeeks-MacBook-Air.local" failures="0" tests="1" name="PingTest.FormTest" time="6.566" errors="0" timestamp="2024-01-17T12:49:11 IST" skipped="0">
  <testcase classname="PingTest.FormTest" name="loadFormType" time="6.566"/>
  <system-out>
    <![CDATA[Total item of formtype table: 30
form type table loaded successfully]]>
  </system-out>
</testsuite> <!-- PingTest.FormTest -->
