<?xml version="1.0" encoding="UTF-8"?>
<!-- Generated by org.testng.reporters.JUnitReportReporter -->
<testsuite hostname="Rafeeks-MacBook-Air.local" failures="0" tests="19" name="PingTest.FormTests" time="94.577" errors="0" timestamp="2024-04-23T16:48:20 IST" skipped="2">
  <testcase classname="PingTest.FormTests" name="loadTicketReportTest" time="7.634"/>
  <system-out>
    <![CDATA[Total item of ticket reports table: 19
 Ticket Report  table loaded successfully]]>
  </system-out>
  <testcase classname="PingTest.FormTests" name="loadFormReportTest" time="7.606"/>
  <system-out>
    <![CDATA[ form Report  table loaded successfully]]>
  </system-out>
  <testcase classname="PingTest.FormTests" name="loadFormParameterTest" time="5.104"/>
  <system-out>
    <![CDATA[Total item of form parameter table: 18
form parameter table loaded successfully]]>
  </system-out>
  <testcase classname="PingTest.FormTests" name="loadFormTypeTest" time="4.679"/>
  <system-out>
    <![CDATA[Total item of formtype table: 4
form type table loaded successfully]]>
  </system-out>
  <testcase classname="PingTest.FormTests" name="loadFormuserPermissionTest" time="3.771"/>
  <system-out>
    <![CDATA[Total item of form user permission table: 5
form user permission table loaded successfully]]>
  </system-out>
  <testcase classname="PingTest.FormTests" name="loadDepartmentTableTest" time="6.120"/>
  <system-out>
    <![CDATA[Total item of department table: 3
department table loaded successfully]]>
  </system-out>
  <testcase classname="PingTest.FormTests" name="addSubDepartmentTest" time="5.398"/>
  <system-out>
    <![CDATA[Total item of sub department table: 3
sub department table loaded successfully]]>
  </system-out>
  <testcase classname="PingTest.FormTests" name="loadRoleTableTest" time="5.518"/>
  <system-out>
    <![CDATA[Total item of role table: 3
role  table loaded successfully]]>
  </system-out>
  <testcase classname="PingTest.FormTests" name="loadManufactureTableTest" time="5.075"/>
  <system-out>
    <![CDATA[Total item of manufacture table: 1
manufacture table loaded successfully]]>
  </system-out>
  <testcase classname="PingTest.FormTests" name="loadModelTableTest" time="5.150"/>
  <system-out>
    <![CDATA[Total item of Model table: 1
model table loaded successfully]]>
  </system-out>
  <testcase classname="PingTest.FormTests" name="loadMQTTTableTest" time="4.535"/>
  <system-out>
    <![CDATA[Total item of MQTT table: 1
mqtt broker table loaded successfully]]>
  </system-out>
  <testcase classname="PingTest.FormTests" name="loadPriorityTableTest" time="5.114"/>
  <system-out>
    <![CDATA[Total item of Priority table: 1
priority table loaded successfully]]>
  </system-out>
  <testcase classname="PingTest.FormTests" name="loadLocationTypeTableTest" time="6.332"/>
  <system-out>
    <![CDATA[Total item of Location Type table: 1
location type   table loaded successfully]]>
  </system-out>
  <testcase classname="PingTest.FormTests" name="loadLocationTable" time="5.339"/>
  <system-out>
    <![CDATA[Total item of LocationPage table: 1
location  table loaded successfully]]>
  </system-out>
  <testcase classname="PingTest.FormTests" name="loadProblemTableTest" time="5.119"/>
  <system-out>
    <![CDATA[Total item of Problem table: 4
location  table loaded successfully
problem table loaded successfully]]>
  </system-out>
  <testcase classname="PingTest.FormTests" name="loadAssetMapTableTest" time="5.449"/>
  <system-out>
    <![CDATA[Total item of Asset Map table: 4
asset map table loaded successfully]]>
  </system-out>
  <testcase classname="PingTest.FormTests" name="loadUserTableTest" time="6.634"/>
  <system-out>
    <![CDATA[Total item of User table: 6
  user table loaded successfully]]>
  </system-out>
  <testcase classname="PingTest.FormTests" name="loadAssetTableTest">
    <skipped/>
  </testcase> <!-- loadAssetTableTest -->
  <system-out/>
  <testcase classname="PingTest.FormTests" name="loadVendorCompanyTableTest">
    <skipped/>
  </testcase> <!-- loadVendorCompanyTableTest -->
  <system-out/>
</testsuite> <!-- PingTest.FormTests -->
