<?xml version="1.0" encoding="UTF-8"?>
<!-- Generated by org.testng.reporters.JUnitReportReporter -->
<testsuite hostname="Testings-iMac.local" failures="0" tests="2" name="Alert_Verify_TestCases.ALert_Verify_TestMethods" time="268.640" errors="0" timestamp="2023-10-13T15:35:03 IST" skipped="0">
  <testcase classname="Alert_Verify_TestCases.ALert_Verify_TestMethods" name="Alert_Active" time="136.322"/>
  <system-out/>
  <testcase classname="Alert_Verify_TestCases.ALert_Verify_TestMethods" name="Alert_Close" time="132.318"/>
  <system-out/>
</testsuite> <!-- Alert_Verify_TestCases.ALert_Verify_TestMethods -->
