<?xml version="1.0" encoding="UTF-8"?>
<!-- Generated by org.testng.reporters.JUnitReportReporter -->
<testsuite hostname="Rafeeks-MacBook-Air.local" failures="0" tests="1" name="TEST.Generate_Hourly_Data" time="76.613" errors="0" timestamp="2023-12-11T16:48:14 IST" skipped="0">
  <testcase classname="TEST.Generate_Hourly_Data" name="generate_hourly_data_1" time="76.613"/>
  <system-out/>
</testsuite> <!-- TEST.Generate_Hourly_Data -->
