<?xml version="1.0" encoding="UTF-8"?>
<!-- Generated by org.testng.reporters.JUnitReportReporter -->
<testsuite hostname="Rafeeks-MacBook-Air.local" failures="0" tests="2" name="TextlocalSMSBalance" time="14.968" errors="0" timestamp="2023-11-20T16:35:48 IST" skipped="0">
  <testcase classname="TextlocalSMSBalance" name="wwwloginrequest" time="12.851"/>
  <system-out/>
  <testcase classname="TextlocalSMSBalance" name="telemessage" time="2.117"/>
  <system-out/>
</testsuite> <!-- TextlocalSMSBalance -->
