<?xml version="1.0" encoding="UTF-8"?>
<!-- Generated by org.testng.reporters.JUnitReportReporter -->
<testsuite hostname="Rafeeks-MacBook-Air.local" failures="0" tests="3" name="DataDrivenTesting.MultipleUserLogin" time="3.820" errors="0" timestamp="2023-05-23T17:03:25 IST" skipped="0">
  <testcase classname="DataDrivenTesting.MultipleUserLogin" name="multipleUserLogin" time="0.175"/>
  <system-out/>
  <testcase classname="DataDrivenTesting.MultipleUserLogin" name="multipleUserLogin" time="3.456"/>
  <system-out/>
  <testcase classname="DataDrivenTesting.MultipleUserLogin" name="multipleUserLogin" time="0.189"/>
  <system-out/>
</testsuite> <!-- DataDrivenTesting.MultipleUserLogin -->
