<?xml version="1.0" encoding="UTF-8"?>
<!-- Generated by org.testng.reporters.JUnitReportReporter -->
<testsuite hostname="Rafeeks-MacBook-Air.local" failures="0" tests="2" name="LagunaDeviceAPICommunication" time="8.765" errors="0" timestamp="2023-11-10T15:07:46 IST" skipped="0">
  <testcase classname="LagunaDeviceAPICommunication" name="wwwloginrequest" time="7.494"/>
  <system-out/>
  <testcase classname="LagunaDeviceAPICommunication" name="telemessage" time="1.271"/>
  <system-out/>
</testsuite> <!-- LagunaDeviceAPICommunication -->
