<?xml version="1.0" encoding="UTF-8"?>
<!-- Generated by org.testng.reporters.JUnitReportReporter -->
<testsuite hostname="Rafeeks-MacBook-Air.local" failures="0" tests="1" name="Api_inmemory_req" time="4.902" errors="0" timestamp="2023-11-07T12:50:40 IST" skipped="0">
  <testcase classname="Api_inmemory_req" name="wwwloginrequest" time="4.902"/>
  <system-out/>
</testsuite> <!-- Api_inmemory_req -->
