<?xml version="1.0" encoding="UTF-8"?>
<!-- Generated by org.testng.reporters.JUnitReportReporter -->
<testsuite hostname="Testings-iMac.local" failures="0" tests="2" name="Alert_Verify_TestCases.ALert_Verify_TestMethods" time="249.013" errors="0" timestamp="11 Nov 2023 04:15:22 GMT">
  <testcase classname="Alert_Verify_TestCases.ALert_Verify_TestMethods" name="Alert_Close" time="120.514"/>
  <testcase classname="Alert_Verify_TestCases.ALert_Verify_TestMethods" name="Alert_Active" time="128.499"/>
</testsuite> <!-- Alert_Verify_TestCases.ALert_Verify_TestMethods -->
