<?xml version="1.0" encoding="UTF-8"?>
<!-- Generated by org.testng.reporters.JUnitReportReporter -->
<testsuite hostname="wimate_lap_02" failures="0" tests="8" name="com.CloudTesla.Generic.Driver" time="17.139" errors="0" timestamp="2023-08-16T15:34:32 IST" skipped="0">
  <testcase classname="com.CloudTesla.Generic.Driver" name="mailAbhi" time="3.852"/>
  <system-out/>
  <testcase classname="com.CloudTesla.Generic.Driver" name="mailManju" time="1.824"/>
  <system-out/>
  <testcase classname="com.CloudTesla.Generic.Driver" name="mailningu" time="1.608"/>
  <system-out/>
  <testcase classname="com.CloudTesla.Generic.Driver" name="mailpundu" time="1.779"/>
  <system-out/>
  <testcase classname="com.CloudTesla.Generic.Driver" name="mailwimate" time="2.132"/>
  <system-out/>
  <testcase classname="com.CloudTesla.Generic.Driver" name="mailwimate1" time="1.814"/>
  <system-out/>
  <testcase classname="com.CloudTesla.Generic.Driver" name="mailwimate2" time="1.671"/>
  <system-out/>
  <testcase classname="com.CloudTesla.Generic.Driver" name="mailwimate3" time="2.459"/>
  <system-out/>
</testsuite> <!-- com.CloudTesla.Generic.Driver -->
