<?xml version="1.0" encoding="UTF-8"?>
<!-- Generated by org.testng.reporters.JUnitReportReporter -->
<testsuite hostname="wimate_lap_02" failures="0" tests="1" name="gCode.Driver" time="75.109" errors="0" timestamp="2023-08-07T07:54:46 IST" skipped="0">
  <testcase classname="gCode.Driver" name="main" time="75.109"/>
  <system-out/>
</testsuite> <!-- gCode.Driver -->
