<?xml version="1.0" encoding="UTF-8"?>
<!-- Generated by org.testng.reporters.JUnitReportReporter -->
<testsuite hostname="wimate_lap_02" failures="0" tests="8" name="com.gCode.Driver" time="14.612" errors="0" timestamp="2023-08-16T15:26:43 IST" skipped="0">
  <testcase classname="com.gCode.Driver" name="mailAbhi" time="2.416"/>
  <system-out/>
  <testcase classname="com.gCode.Driver" name="mailManju" time="1.663"/>
  <system-out/>
  <testcase classname="com.gCode.Driver" name="mailningu" time="1.357"/>
  <system-out/>
  <testcase classname="com.gCode.Driver" name="mailpundu" time="1.440"/>
  <system-out/>
  <testcase classname="com.gCode.Driver" name="mailwimate" time="2.132"/>
  <system-out/>
  <testcase classname="com.gCode.Driver" name="mailwimate1" time="1.388"/>
  <system-out/>
  <testcase classname="com.gCode.Driver" name="mailwimate2" time="2.157"/>
  <system-out/>
  <testcase classname="com.gCode.Driver" name="mailwimate3" time="2.059"/>
  <system-out/>
</testsuite> <!-- com.gCode.Driver -->
