<?xml version="1.0" encoding="UTF-8"?>
<!-- Generated by org.testng.reporters.JUnitReportReporter -->
<testsuite hostname="Rafeeks-MacBook-Air.local" failures="0" tests="4" name="FormTest.FormTest" time="13.139" errors="0" timestamp="2023-11-16T19:47:30 IST" skipped="3">
  <testcase classname="FormTest.FormTest" name="createMqttbroker" time="13.139"/>
  <system-out>
    <![CDATA[mqtt broker added successfully]]>
  </system-out>
  <testcase classname="FormTest.FormTest" name="createFormType">
    <skipped/>
  </testcase> <!-- createFormType -->
  <system-out/>
  <testcase classname="FormTest.FormTest" name="addUser">
    <skipped/>
  </testcase> <!-- addUser -->
  <system-out/>
  <testcase classname="FormTest.FormTest" name="createFormParameter">
    <skipped/>
  </testcase> <!-- createFormParameter -->
  <system-out/>
</testsuite> <!-- FormTest.FormTest -->
