<?xml version="1.0" encoding="UTF-8"?>
<!-- Generated by org.testng.reporters.JUnitReportReporter -->
<testsuite hostname="Rafeeks-MacBook-Air.local" failures="0" tests="13" name="FormTest.FormTest" time="11.998" errors="0" timestamp="2024-08-12T18:29:09 IST" skipped="12">
  <testcase classname="FormTest.FormTest" name="raisedcomplaint" time="11.998"/>
  <system-out/>
  <testcase classname="FormTest.FormTest" name="addRole">
    <skipped/>
  </testcase> <!-- addRole -->
  <system-out/>
  <testcase classname="FormTest.FormTest" name="addModel">
    <skipped/>
  </testcase> <!-- addModel -->
  <system-out/>
  <testcase classname="FormTest.FormTest" name="addVendorCompany">
    <skipped/>
  </testcase> <!-- addVendorCompany -->
  <system-out/>
  <testcase classname="FormTest.FormTest" name="createFormType">
    <skipped/>
  </testcase> <!-- createFormType -->
  <system-out/>
  <testcase classname="FormTest.FormTest" name="addLocation">
    <skipped/>
  </testcase> <!-- addLocation -->
  <system-out/>
  <testcase classname="FormTest.FormTest" name="addManufacture">
    <skipped/>
  </testcase> <!-- addManufacture -->
  <system-out/>
  <testcase classname="FormTest.FormTest" name="addLocationType">
    <skipped/>
  </testcase> <!-- addLocationType -->
  <system-out/>
  <testcase classname="FormTest.FormTest" name="addSubDepartment">
    <skipped/>
  </testcase> <!-- addSubDepartment -->
  <system-out/>
  <testcase classname="FormTest.FormTest" name="addDepartment">
    <skipped/>
  </testcase> <!-- addDepartment -->
  <system-out/>
  <testcase classname="FormTest.FormTest" name="addPriority">
    <skipped/>
  </testcase> <!-- addPriority -->
  <system-out/>
  <testcase classname="FormTest.FormTest" name="createMqttbroker">
    <skipped/>
  </testcase> <!-- createMqttbroker -->
  <system-out/>
  <testcase classname="FormTest.FormTest" name="createFormParameter">
    <skipped/>
  </testcase> <!-- createFormParameter -->
  <system-out/>
</testsuite> <!-- FormTest.FormTest -->
