<?xml version="1.0" encoding="UTF-8"?>
<!-- Generated by org.testng.reporters.JUnitReportReporter -->
<testsuite hostname="Rafeeks-MacBook-Air.local" failures="0" tests="1" name="DeviceTest.Generate_Hourly_Data" time="98.912" errors="0" timestamp="2023-12-11T15:17:53 IST" skipped="0">
  <testcase classname="DeviceTest.Generate_Hourly_Data" name="generate_hourly_data_1" time="98.912"/>
  <system-out/>
</testsuite> <!-- DeviceTest.Generate_Hourly_Data -->
