<?xml version="1.0" encoding="UTF-8"?>
<!-- Generated by org.testng.reporters.JUnitReportReporter -->
<testsuite hostname="Rafeeks-MacBook-Air.local" failures="0" tests="2" name="TextlocalSMSBalance" time="4.671" errors="0" timestamp="2023-11-14T15:51:56 IST" skipped="0">
  <testcase classname="TextlocalSMSBalance" name="wwwloginrequest" time="4.668"/>
  <system-out/>
  <testcase classname="TextlocalSMSBalance" name="telemessage" time="0.003"/>
  <system-out/>
</testsuite> <!-- TextlocalSMSBalance -->
