<?xml version="1.0" encoding="UTF-8"?>
<!-- Generated by org.testng.reporters.JUnitReportReporter -->
<testsuite hostname="Rafeeks-MacBook-Air.local" failures="0" tests="1" name="TextlocalSMSBalance" time="5.122" errors="0" timestamp="2024-04-02T17:03:53 IST" skipped="0">
  <testcase classname="TextlocalSMSBalance" name="wwwloginrequest" time="5.122"/>
  <system-out/>
</testsuite> <!-- TextlocalSMSBalance -->
