<?xml version="1.0" encoding="UTF-8"?>
<testsuite xmlns:xsi="http://www.w3.org/2001/XMLSchema-instance" xsi:noNamespaceSchemaLocation="https://maven.apache.org/surefire/maven-surefire-plugin/xsd/surefire-test-report-3.0.xsd" version="3.0" name="TestSuite" time="254.852" tests="2" errors="0" skipped="0" failures="0">
  <properties>
    <property name="PATH" value="/Library/Java/JavaVirtualMachines/jdk-11.0.16.jdk/Contents/Home/bin:/Users/testingwimate/.nvm/versions/node/v20.9.0/bin:/Users/testingwimate/Library/Android/sdk/tools:/Users/testingwimate/Library/Android/sdk/tools/bin:/Users/testingwimate/Library/Android/sdk/platform-tools:/Applications/apache-maven-3.6.3/bin:/Library/Java/JavaVirtualMachines/jdk-11.0.16.jdk/Contents/Home/bin:/opt/homebrew/bin:/opt/homebrew/sbin:/usr/local/bin:/System/Cryptexes/App/usr/bin:/usr/bin:/bin:/usr/sbin:/sbin:/Library/Apple/usr/bin"/>
    <property name="awt.toolkit" value="sun.lwawt.macosx.LWCToolkit"/>
    <property name="java.specification.version" value="11"/>
    <property name="RUN_DISPLAY_URL" value="http://10.0.1.2:8080/job/Alerts_Verification/6908/display/redirect"/>
    <property name="HUDSON_HOME" value="/Users/testingwimate/.jenkins"/>
    <property name="sun.cpu.isalist" value=""/>
    <property name="RUN_CHANGES_DISPLAY_URL" value="http://10.0.1.2:8080/job/Alerts_Verification/6908/display/redirect?page=changes"/>
    <property name="sun.jnu.encoding" value="UTF-8"/>
    <property name="sun.arch.data.model" value="64"/>
    <property name="ANDROID_HOME" value="/Users/testingwimate/Library/Android/sdk"/>
    <property name="sun.font.fontmanager" value="sun.font.CFontManager"/>
    <property name="java.vendor.url" value="https://openjdk.java.net/"/>
    <property name="JENKINS_SERVER_COOKIE" value="fcb352985ef11323"/>
    <property name="PWD" value="/Users/testingwimate/desktop/software"/>
    <property name="TERM_PROGRAM_VERSION" value="447"/>
    <property name="JENKINS_URL" value="http://10.0.1.2:8080/"/>
    <property name="sun.boot.library.path" value="/Library/Java/JavaVirtualMachines/jdk-11.0.16.jdk/Contents/Home/lib"/>
    <property name="sun.java.command" value="jenkins.maven3.agent.Maven35Main /Applications/apache-maven-3.6.3 /Users/testingwimate/.jenkins/war/WEB-INF/lib/remoting-3174.v2c9e67f8f9df.jar /Users/testingwimate/.jenkins/plugins/maven-plugin/WEB-INF/lib/maven35-interceptor-1.14.jar /Users/testingwimate/.jenkins/plugins/maven-plugin/WEB-INF/lib/maven3-interceptor-commons-1.14.jar 56036"/>
    <property name="NVM_CD_FLAGS" value="-q"/>
    <property name="maven.home" value="/Applications/apache-maven-3.6.3"/>
    <property name="jdk.debug" value="release"/>
    <property name="POM_GROUPID" value="Alert_Verify"/>
    <property name="java.specification.vendor" value="Oracle Corporation"/>
    <property name="HOMEBREW_CELLAR" value="/opt/homebrew/Cellar"/>
    <property name="SECURITYSESSIONID" value="186a4"/>
    <property name="java.version.date" value="2022-07-19"/>
    <property name="java.home" value="/Library/Java/JavaVirtualMachines/jdk-11.0.16.jdk/Contents/Home"/>
    <property name="JENKINS_HOME" value="/Users/testingwimate/.jenkins"/>
    <property name="file.separator" value="/"/>
    <property name="basedir" value="/Users/testingwimate/eclipse-workspace/Alert_Verify"/>
    <property name="java.vm.compressedOopsMode" value="Zero based"/>
    <property name="line.separator" value="&#10;"/>
    <property name="NODE_NAME" value="built-in"/>
    <property name="XPC_FLAGS" value="0x0"/>
    <property name="java.specification.name" value="Java Platform API Specification"/>
    <property name="java.vm.specification.vendor" value="Oracle Corporation"/>
    <property name="BUILD_DISPLAY_NAME" value="#6908"/>
    <property name="TERM_SESSION_ID" value="52BA9936-75A8-4A62-B1CE-15458A7895F1"/>
    <property name="maven3.interceptor" value="/Users/testingwimate/.jenkins/plugins/maven-plugin/WEB-INF/lib/maven35-interceptor-1.14.jar"/>
    <property name="PATH+MAVEN" value="/Applications/apache-maven-3.6.3/bin"/>
    <property name="maven3.interceptor.common" value="/Users/testingwimate/.jenkins/plugins/maven-plugin/WEB-INF/lib/maven3-interceptor-commons-1.14.jar"/>
    <property name="LC_CTYPE" value="UTF-8"/>
    <property name="SHLVL" value="1"/>
    <property name="WORKSPACE_TMP" value="/Users/testingwimate/eclipse-workspace/Alert_Verify@tmp"/>
    <property name="sun.management.compiler" value="HotSpot 64-Bit Tiered Compilers"/>
    <property name="java.runtime.version" value="11.0.16+11-LTS-199"/>
    <property name="JAVA_HOME" value="/Library/Java/JavaVirtualMachines/jdk-11.0.16.jdk/Contents/Home"/>
    <property name="user.name" value="testingwimate"/>
    <property name="TERM" value="xterm-256color"/>
    <property name="HOMEBREW_PREFIX" value="/opt/homebrew"/>
    <property name="POM_ARTIFACTID" value="Alert_Verify"/>
    <property name="file.encoding" value="UTF-8"/>
    <property name="NVM_INC" value="/Users/testingwimate/.nvm/versions/node/v20.9.0/include/node"/>
    <property name="guice.disable.misplaced.annotation.check" value="true"/>
    <property name="HUDSON_URL" value="http://10.0.1.2:8080/"/>
    <property name="WORKSPACE" value="/Users/testingwimate/eclipse-workspace/Alert_Verify"/>
    <property name="java.vendor.version" value="18.9"/>
    <property name="HOMEBREW_REPOSITORY" value="/opt/homebrew"/>
    <property name="_" value="/Library/Java/JavaVirtualMachines/jdk-11.0.16.jdk/Contents/Home/bin/java"/>
    <property name="localRepository" value="/Users/testingwimate/.m2/repository"/>
    <property name="java.io.tmpdir" value="/var/folders/k9/8nx4svy95pz0vlbnlk2156jh0000gn/T/"/>
    <property name="java.version" value="11.0.16"/>
    <property name="TERM_PROGRAM" value="Apple_Terminal"/>
    <property name="CI" value="true"/>
    <property name="java.vm.specification.name" value="Java Virtual Machine Specification"/>
    <property name="java.awt.printerjob" value="sun.lwawt.macosx.CPrinterJob"/>
    <property name="JOB_BASE_NAME" value="Alerts_Verification"/>
    <property name="sun.os.patch.level" value="unknown"/>
    <property name="org.slf4j.simpleLogger.defaultLogLevel" value="info"/>
    <property name="java.library.path" value="/Users/testingwimate/Library/Java/Extensions:/Library/Java/Extensions:/Network/Library/Java/Extensions:/System/Library/Java/Extensions:/usr/lib/java:."/>
    <property name="BUILD_NUMBER" value="6908"/>
    <property name="java.vendor" value="Oracle Corporation"/>
    <property name="BUILD_URL" value="http://10.0.1.2:8080/job/Alerts_Verification/6908/"/>
    <property name="RUN_ARTIFACTS_DISPLAY_URL" value="http://10.0.1.2:8080/job/Alerts_Verification/6908/display/redirect?page=artifacts"/>
    <property name="sun.io.unicode.encoding" value="UnicodeBig"/>
    <property name="POM_DISPLAYNAME" value="Alert_Verify"/>
    <property name="socksNonProxyHosts" value="local|*.local|169.254/16|*.169.254/16"/>
    <property name="NVM_BIN" value="/Users/testingwimate/.nvm/versions/node/v20.9.0/bin"/>
    <property name="gopherProxySet" value="false"/>
    <property name="JOB_URL" value="http://10.0.1.2:8080/job/Alerts_Verification/"/>
    <property name="java.class.path" value="/Users/testingwimate/.jenkins/plugins/maven-plugin/WEB-INF/lib/maven35-agent-1.14.jar:/Applications/apache-maven-3.6.3/boot/plexus-classworlds-2.6.0.jar:/Applications/apache-maven-3.6.3/conf/logging"/>
    <property name="sun.awt.enableExtraMouseButtons" value="true"/>
    <property name="java.vm.vendor" value="Oracle Corporation"/>
    <property name="MAVEN_HOME" value="/Applications/apache-maven-3.6.3"/>
    <property name="user.timezone" value="Asia/Kolkata"/>
    <property name="maven.conf" value="/Applications/apache-maven-3.6.3/conf"/>
    <property name="os.name" value="Mac OS X"/>
    <property name="java.vm.specification.version" value="11"/>
    <property name="LOGNAME" value="testingwimate"/>
    <property name="RUN_TESTS_DISPLAY_URL" value="http://10.0.1.2:8080/job/Alerts_Verification/6908/display/redirect?page=tests"/>
    <property name="INFOPATH" value="/opt/homebrew/share/info:"/>
    <property name="user.country" value="IN"/>
    <property name="sun.java.launcher" value="SUN_STANDARD"/>
    <property name="POM_VERSION" value="0.0.1-SNAPSHOT"/>
    <property name="http.nonProxyHosts" value="local|*.local|169.254/16|*.169.254/16"/>
    <property name="BUILD_TAG" value="jenkins-Alerts_Verification-6908"/>
    <property name="SHELL" value="/bin/zsh"/>
    <property name="surefire.test.class.path" value="/Users/testingwimate/eclipse-workspace/Alert_Verify/target/test-classes:/Users/testingwimate/eclipse-workspace/Alert_Verify/target/classes:/Users/testingwimate/.m2/repository/org/apache/poi/poi/4.1.2/poi-4.1.2.jar:/Users/testingwimate/.m2/repository/commons-codec/commons-codec/1.13/commons-codec-1.13.jar:/Users/testingwimate/.m2/repository/org/apache/commons/commons-collections4/4.4/commons-collections4-4.4.jar:/Users/testingwimate/.m2/repository/org/apache/commons/commons-math3/3.6.1/commons-math3-3.6.1.jar:/Users/testingwimate/.m2/repository/com/zaxxer/SparseBitSet/1.2/SparseBitSet-1.2.jar:/Users/testingwimate/.m2/repository/org/apache/poi/poi-ooxml/4.1.2/poi-ooxml-4.1.2.jar:/Users/testingwimate/.m2/repository/org/apache/poi/poi-ooxml-schemas/4.1.2/poi-ooxml-schemas-4.1.2.jar:/Users/testingwimate/.m2/repository/org/apache/xmlbeans/xmlbeans/3.1.0/xmlbeans-3.1.0.jar:/Users/testingwimate/.m2/repository/org/apache/commons/commons-compress/1.19/commons-compress-1.19.jar:/Users/testingwimate/.m2/repository/com/github/virtuald/curvesapi/1.06/curvesapi-1.06.jar:/Users/testingwimate/.m2/repository/org/seleniumhq/selenium/selenium-java/4.11.0/selenium-java-4.11.0.jar:/Users/testingwimate/.m2/repository/org/seleniumhq/selenium/selenium-api/4.11.0/selenium-api-4.11.0.jar:/Users/testingwimate/.m2/repository/org/seleniumhq/selenium/selenium-chrome-driver/4.11.0/selenium-chrome-driver-4.11.0.jar:/Users/testingwimate/.m2/repository/com/google/auto/service/auto-service-annotations/1.0.1/auto-service-annotations-1.0.1.jar:/Users/testingwimate/.m2/repository/com/google/guava/guava/31.1-jre/guava-31.1-jre.jar:/Users/testingwimate/.m2/repository/com/google/guava/failureaccess/1.0.1/failureaccess-1.0.1.jar:/Users/testingwimate/.m2/repository/com/google/guava/listenablefuture/9999.0-empty-to-avoid-conflict-with-guava/listenablefuture-9999.0-empty-to-avoid-conflict-with-guava.jar:/Users/testingwimate/.m2/repository/com/google/code/findbugs/jsr305/3.0.2/jsr305-3.0.2.jar:/Users/testingwimate/.m2/repository/org/checkerframework/checker-qual/3.12.0/checker-qual-3.12.0.jar:/Users/testingwimate/.m2/repository/com/google/errorprone/error_prone_annotations/2.11.0/error_prone_annotations-2.11.0.jar:/Users/testingwimate/.m2/repository/com/google/j2objc/j2objc-annotations/1.3/j2objc-annotations-1.3.jar:/Users/testingwimate/.m2/repository/org/seleniumhq/selenium/selenium-chromium-driver/4.11.0/selenium-chromium-driver-4.11.0.jar:/Users/testingwimate/.m2/repository/org/seleniumhq/selenium/selenium-json/4.11.0/selenium-json-4.11.0.jar:/Users/testingwimate/.m2/repository/org/seleniumhq/selenium/selenium-manager/4.11.0/selenium-manager-4.11.0.jar:/Users/testingwimate/.m2/repository/org/seleniumhq/selenium/selenium-devtools-v113/4.11.0/selenium-devtools-v113-4.11.0.jar:/Users/testingwimate/.m2/repository/org/seleniumhq/selenium/selenium-devtools-v114/4.11.0/selenium-devtools-v114-4.11.0.jar:/Users/testingwimate/.m2/repository/org/seleniumhq/selenium/selenium-devtools-v115/4.11.0/selenium-devtools-v115-4.11.0.jar:/Users/testingwimate/.m2/repository/org/seleniumhq/selenium/selenium-devtools-v85/4.11.0/selenium-devtools-v85-4.11.0.jar:/Users/testingwimate/.m2/repository/org/seleniumhq/selenium/selenium-edge-driver/4.11.0/selenium-edge-driver-4.11.0.jar:/Users/testingwimate/.m2/repository/org/seleniumhq/selenium/selenium-firefox-driver/4.11.0/selenium-firefox-driver-4.11.0.jar:/Users/testingwimate/.m2/repository/org/seleniumhq/selenium/selenium-http/4.11.0/selenium-http-4.11.0.jar:/Users/testingwimate/.m2/repository/dev/failsafe/failsafe/3.3.1/failsafe-3.3.1.jar:/Users/testingwimate/.m2/repository/org/seleniumhq/selenium/selenium-ie-driver/4.11.0/selenium-ie-driver-4.11.0.jar:/Users/testingwimate/.m2/repository/org/seleniumhq/selenium/selenium-remote-driver/4.11.0/selenium-remote-driver-4.11.0.jar:/Users/testingwimate/.m2/repository/io/netty/netty-buffer/4.1.92.Final/netty-buffer-4.1.92.Final.jar:/Users/testingwimate/.m2/repository/io/netty/netty-codec-http/4.1.92.Final/netty-codec-http-4.1.92.Final.jar:/Users/testingwimate/.m2/repository/io/netty/netty-codec/4.1.92.Final/netty-codec-4.1.92.Final.jar:/Users/testingwimate/.m2/repository/io/netty/netty-handler/4.1.92.Final/netty-handler-4.1.92.Final.jar:/Users/testingwimate/.m2/repository/io/netty/netty-common/4.1.92.Final/netty-common-4.1.92.Final.jar:/Users/testingwimate/.m2/repository/io/netty/netty-transport-classes-epoll/4.1.92.Final/netty-transport-classes-epoll-4.1.92.Final.jar:/Users/testingwimate/.m2/repository/io/netty/netty-transport-classes-kqueue/4.1.92.Final/netty-transport-classes-kqueue-4.1.92.Final.jar:/Users/testingwimate/.m2/repository/io/netty/netty-transport-native-epoll/4.1.92.Final/netty-transport-native-epoll-4.1.92.Final.jar:/Users/testingwimate/.m2/repository/io/netty/netty-transport-native-kqueue/4.1.92.Final/netty-transport-native-kqueue-4.1.92.Final.jar:/Users/testingwimate/.m2/repository/io/netty/netty-transport-native-unix-common/4.1.92.Final/netty-transport-native-unix-common-4.1.92.Final.jar:/Users/testingwimate/.m2/repository/io/netty/netty-transport/4.1.92.Final/netty-transport-4.1.92.Final.jar:/Users/testingwimate/.m2/repository/io/netty/netty-resolver/4.1.92.Final/netty-resolver-4.1.92.Final.jar:/Users/testingwimate/.m2/repository/io/opentelemetry/opentelemetry-api/1.26.0/opentelemetry-api-1.26.0.jar:/Users/testingwimate/.m2/repository/io/opentelemetry/opentelemetry-context/1.26.0/opentelemetry-context-1.26.0.jar:/Users/testingwimate/.m2/repository/io/opentelemetry/opentelemetry-exporter-logging/1.26.0/opentelemetry-exporter-logging-1.26.0.jar:/Users/testingwimate/.m2/repository/io/opentelemetry/opentelemetry-sdk-metrics/1.26.0/opentelemetry-sdk-metrics-1.26.0.jar:/Users/testingwimate/.m2/repository/io/opentelemetry/opentelemetry-extension-incubator/1.26.0-alpha/opentelemetry-extension-incubator-1.26.0-alpha.jar:/Users/testingwimate/.m2/repository/io/opentelemetry/opentelemetry-sdk-logs/1.26.0-alpha/opentelemetry-sdk-logs-1.26.0-alpha.jar:/Users/testingwimate/.m2/repository/io/opentelemetry/opentelemetry-api-logs/1.26.0-alpha/opentelemetry-api-logs-1.26.0-alpha.jar:/Users/testingwimate/.m2/repository/io/opentelemetry/opentelemetry-api-events/1.26.0-alpha/opentelemetry-api-events-1.26.0-alpha.jar:/Users/testingwimate/.m2/repository/io/opentelemetry/opentelemetry-sdk-common/1.26.0/opentelemetry-sdk-common-1.26.0.jar:/Users/testingwimate/.m2/repository/io/opentelemetry/opentelemetry-sdk-extension-autoconfigure-spi/1.26.0/opentelemetry-sdk-extension-autoconfigure-spi-1.26.0.jar:/Users/testingwimate/.m2/repository/io/opentelemetry/opentelemetry-sdk-extension-autoconfigure/1.26.0-alpha/opentelemetry-sdk-extension-autoconfigure-1.26.0-alpha.jar:/Users/testingwimate/.m2/repository/io/opentelemetry/opentelemetry-sdk-trace/1.26.0/opentelemetry-sdk-trace-1.26.0.jar:/Users/testingwimate/.m2/repository/io/opentelemetry/opentelemetry-sdk/1.26.0/opentelemetry-sdk-1.26.0.jar:/Users/testingwimate/.m2/repository/io/opentelemetry/opentelemetry-semconv/1.26.0-alpha/opentelemetry-semconv-1.26.0-alpha.jar:/Users/testingwimate/.m2/repository/net/bytebuddy/byte-buddy/1.14.4/byte-buddy-1.14.4.jar:/Users/testingwimate/.m2/repository/org/apache/commons/commons-exec/1.3/commons-exec-1.3.jar:/Users/testingwimate/.m2/repository/org/asynchttpclient/async-http-client/2.12.3/async-http-client-2.12.3.jar:/Users/testingwimate/.m2/repository/org/asynchttpclient/async-http-client-netty-utils/2.12.3/async-http-client-netty-utils-2.12.3.jar:/Users/testingwimate/.m2/repository/io/netty/netty-codec-socks/4.1.60.Final/netty-codec-socks-4.1.60.Final.jar:/Users/testingwimate/.m2/repository/io/netty/netty-handler-proxy/4.1.60.Final/netty-handler-proxy-4.1.60.Final.jar:/Users/testingwimate/.m2/repository/io/netty/netty-transport-native-epoll/4.1.60.Final/netty-transport-native-epoll-4.1.60.Final-linux-x86_64.jar:/Users/testingwimate/.m2/repository/io/netty/netty-transport-native-kqueue/4.1.60.Final/netty-transport-native-kqueue-4.1.60.Final-osx-x86_64.jar:/Users/testingwimate/.m2/repository/org/reactivestreams/reactive-streams/1.0.3/reactive-streams-1.0.3.jar:/Users/testingwimate/.m2/repository/com/typesafe/netty/netty-reactive-streams/2.0.4/netty-reactive-streams-2.0.4.jar:/Users/testingwimate/.m2/repository/org/slf4j/slf4j-api/1.7.30/slf4j-api-1.7.30.jar:/Users/testingwimate/.m2/repository/org/seleniumhq/selenium/selenium-safari-driver/4.11.0/selenium-safari-driver-4.11.0.jar:/Users/testingwimate/.m2/repository/org/seleniumhq/selenium/selenium-support/4.11.0/selenium-support-4.11.0.jar:/Users/testingwimate/.m2/repository/org/eclipse/paho/org.eclipse.paho.client.mqttv3/1.2.2/org.eclipse.paho.client.mqttv3-1.2.2.jar:/Users/testingwimate/.m2/repository/org/json/json/20160810/json-20160810.jar:/Users/testingwimate/.m2/repository/org/bouncycastle/bcpkix-jdk15on/1.64/bcpkix-jdk15on-1.64.jar:/Users/testingwimate/.m2/repository/org/bouncycastle/bcprov-jdk15on/1.64/bcprov-jdk15on-1.64.jar:/Users/testingwimate/.m2/repository/com/fasterxml/jackson/core/jackson-databind/2.9.10.7/jackson-databind-2.9.10.7.jar:/Users/testingwimate/.m2/repository/com/fasterxml/jackson/core/jackson-annotations/2.9.10/jackson-annotations-2.9.10.jar:/Users/testingwimate/.m2/repository/com/fasterxml/jackson/core/jackson-core/2.9.10/jackson-core-2.9.10.jar:/Users/testingwimate/.m2/repository/com/squareup/okhttp/okhttp/2.7.5/okhttp-2.7.5.jar:/Users/testingwimate/.m2/repository/com/squareup/okio/okio/1.6.0/okio-1.6.0.jar:/Users/testingwimate/.m2/repository/org/testng/testng/6.9.8/testng-6.9.8.jar:/Users/testingwimate/.m2/repository/org/beanshell/bsh/2.0b4/bsh-2.0b4.jar:/Users/testingwimate/.m2/repository/com/beust/jcommander/1.48/jcommander-1.48.jar:/Users/testingwimate/.m2/repository/org/glassfish/jersey/core/jersey-client/2.29/jersey-client-2.29.jar:/Users/testingwimate/.m2/repository/jakarta/ws/rs/jakarta.ws.rs-api/2.1.5/jakarta.ws.rs-api-2.1.5.jar:/Users/testingwimate/.m2/repository/org/glassfish/jersey/core/jersey-common/2.29/jersey-common-2.29.jar:/Users/testingwimate/.m2/repository/jakarta/annotation/jakarta.annotation-api/1.3.4/jakarta.annotation-api-1.3.4.jar:/Users/testingwimate/.m2/repository/org/glassfish/hk2/osgi-resource-locator/1.0.3/osgi-resource-locator-1.0.3.jar:/Users/testingwimate/.m2/repository/com/sun/activation/jakarta.activation/1.2.1/jakarta.activation-1.2.1.jar:/Users/testingwimate/.m2/repository/org/glassfish/hk2/external/jakarta.inject/2.5.0/jakarta.inject-2.5.0.jar:/Users/testingwimate/.m2/repository/javax/mail/mail/1.4/mail-1.4.jar:/Users/testingwimate/.m2/repository/javax/activation/activation/1.1/activation-1.1.jar:"/>
    <property name="sun.cpu.endian" value="little"/>
    <property name="user.home" value="/Users/testingwimate"/>
    <property name="user.language" value="en"/>
    <property name="OLDPWD" value="/Users/testingwimate/desktop/software"/>
    <property name="TMPDIR" value="/var/folders/k9/8nx4svy95pz0vlbnlk2156jh0000gn/T/"/>
    <property name="java.awt.graphicsenv" value="sun.awt.CGraphicsEnvironment"/>
    <property name="JOB_DISPLAY_URL" value="http://10.0.1.2:8080/job/Alerts_Verification/display/redirect"/>
    <property name="M2_HOME" value="/Applications/apache-maven-3.6.3"/>
    <property name="__CF_USER_TEXT_ENCODING" value="0x1F5:0x0:0x0"/>
    <property name="java.awt.headless" value="false"/>
    <property name="POM_PACKAGING" value="jar"/>
    <property name="MANPATH" value="/Users/testingwimate/.nvm/versions/node/v20.9.0/share/man:/opt/homebrew/share/man::"/>
    <property name="ftp.nonProxyHosts" value="local|*.local|169.254/16|*.169.254/16"/>
    <property name="path.separator" value=":"/>
    <property name="BUILD_ID" value="6908"/>
    <property name="os.version" value="13.1"/>
    <property name="JOB_NAME" value="Alerts_Verification"/>
    <property name="java.runtime.name" value="Java(TM) SE Runtime Environment"/>
    <property name="NODE_LABELS" value="built-in"/>
    <property name="java.vm.name" value="Java HotSpot(TM) 64-Bit Server VM"/>
    <property name="JAVA_MAIN_CLASS_971" value="executable.Main"/>
    <property name="XPC_SERVICE_NAME" value="0"/>
    <property name="PATH+JDK" value="/Library/Java/JavaVirtualMachines/jdk-11.0.16.jdk/Contents/Home/bin"/>
    <property name="__CFBundleIdentifier" value="com.apple.Terminal"/>
    <property name="java.vendor.url.bug" value="https://bugreport.java.com/bugreport/"/>
    <property name="NVM_DIR" value="/Users/testingwimate/.nvm"/>
    <property name="user.dir" value="/Users/testingwimate/eclipse-workspace/Alert_Verify"/>
    <property name="os.arch" value="x86_64"/>
    <property name="EXECUTOR_NUMBER" value="1"/>
    <property name="HUDSON_SERVER_COOKIE" value="fcb352985ef11323"/>
    <property name="USER" value="testingwimate"/>
    <property name="CLASSPATH" value=""/>
    <property name="LaunchInstanceID" value="C36BB0F3-8146-44A4-B81B-8BABD262F279"/>
    <property name="SSH_AUTH_SOCK" value="/private/tmp/com.apple.launchd.RsYqQ9Vpb1/Listeners"/>
    <property name="java.vm.info" value="mixed mode"/>
    <property name="java.vm.version" value="11.0.16+11-LTS-199"/>
    <property name="java.class.version" value="55.0"/>
    <property name="HOME" value="/Users/testingwimate"/>
  </properties>
  <testcase name="Alert_Active" classname="Alert_Verify_TestCases.ALert_Verify_TestMethods" time="121.338"/>
  <testcase name="Alert_Close" classname="Alert_Verify_TestCases.ALert_Verify_TestMethods" time="114.873"/>
</testsuite>